#
# There is insufficient memory for the Java Runtime Environment to continue.
# Native memory allocation (malloc) failed to allocate 1773848 bytes. Error detail: Chunk::new
# Possible reasons:
#   The system is out of physical RAM or swap space
#   This process is running with CompressedOops enabled, and the Java Heap may be blocking the growth of the native heap
# Possible solutions:
#   Reduce memory load on the system
#   Increase physical memory or swap space
#   Check if swap backing store is full
#   Decrease Java heap size (-Xmx/-Xms)
#   Decrease number of Java threads
#   Decrease Java thread stack sizes (-Xss)
#   Set larger code cache with -XX:ReservedCodeCacheSize=
#   JVM is running with Zero Based Compressed Oops mode in which the Java heap is
#     placed in the first 32GB address space. The Java Heap base address is the
#     maximum limit for the native heap growth. Please use -XX:HeapBaseMinAddress
#     to set the Java Heap base and to place the Java Heap above 32GB virtual address.
# This output file may be truncated or incomplete.
#
#  Out of Memory Error (arena.cpp:186), pid=14732, tid=5244
#
# JRE version: OpenJDK Runtime Environment Zulu25.30+17-CA (25.0.1+8) (build 25.0.1+8-LTS)
# Java VM: OpenJDK 64-Bit Server VM Zulu25.30+17-CA (25.0.1+8-LTS, mixed mode, sharing, tiered, compressed oops, compressed class ptrs, g1 gc, windows-amd64)
# No core dump will be written. Minidumps are not enabled by default on client versions of Windows
#

---------------  S U M M A R Y ------------

Command Line: -Dfile.encoding=UTF-8 personalexpensetracker.PersonalExpenseTracker

Host: Intel(R) Core(TM) i5-8365U CPU @ 1.60GHz, 8 cores, 15G,  Windows 11 , 64 bit Build 26100 (10.0.26100.7623)
Time: Mon Jan 19 22:11:26 2026 E. Africa Standard Time elapsed time: 3659.563874 seconds (0d 1h 0m 59s)

---------------  T H R E A D  ---------------

Current thread (0x000001eac1d2e1d0):  JavaThread "C2 CompilerThread0" daemon [_thread_in_native, id=5244, stack(0x0000009bf8a00000,0x0000009bf8b00000) (1024K)]


Current CompileTask:
C2:3659564 9565   !   4       com.sun.scenario.animation.AbstractPrimaryTimer::timePulseImpl (172 bytes)

Stack: [0x0000009bf8a00000,0x0000009bf8b00000]
Native frames: (J=compiled Java code, j=interpreted, Vv=VM code, C=native code)
V  [jvm.dll+0x7b9729]  (no source info available)
V  [jvm.dll+0x78380d]  (no source info available)
V  [jvm.dll+0xa07693]  (no source info available)
V  [jvm.dll+0xa09b04]  (no source info available)
V  [jvm.dll+0xa0a1f3]  (no source info available)
V  [jvm.dll+0x30caf6]  (no source info available)
V  [jvm.dll+0x111df6]  (no source info available)
V  [jvm.dll+0x112121]  (no source info available)
V  [jvm.dll+0x1a9c4b]  (no source info available)
V  [jvm.dll+0x3c3d92]  (no source info available)
V  [jvm.dll+0x7bef94]  (no source info available)
V  [jvm.dll+0x2cd026]  (no source info available)
V  [jvm.dll+0x2cc0a1]  (no source info available)
V  [jvm.dll+0x2426ea]  (no source info available)
V  [jvm.dll+0x2db896]  (no source info available)
V  [jvm.dll+0x2d9aba]  (no source info available)
V  [jvm.dll+0x49fc4e]  (no source info available)
V  [jvm.dll+0x9a7828]  (no source info available)
V  [jvm.dll+0x7b7c95]  (no source info available)
C  [ucrtbase.dll+0x37b0]  (no source info available)
C  [KERNEL32.DLL+0x2e8d7]  (no source info available)
C  [ntdll.dll+0x8c53c]  (no source info available)

Lock stack of current Java thread (top to bottom):


---------------  P R O C E S S  ---------------

Threads class SMR info:
_java_thread_list=0x000001ead08e83c0, length=19, elements={
0x000001ea9ef3f100, 0x000001eac1d27930, 0x000001eac1d28390, 0x000001eac1d2cc50,
0x000001eac1d2fce0, 0x000001eac1d2da10, 0x000001eac1d32e20, 0x000001eac1d2e1d0,
0x000001eac1d2ef10, 0x000001eac608a090, 0x000001eac608f640, 0x000001eac6514290,
0x000001eac68cb9d0, 0x000001eac68da920, 0x000001eac6b27550, 0x000001eac6adc2b0,
0x000001eacba2e520, 0x000001eacb8d70f0, 0x000001eacbd170f0
}

Java Threads: ( => current thread )
  0x000001ea9ef3f100 JavaThread "main"                              [_thread_blocked, id=17796, stack(0x0000009bf7c00000,0x0000009bf7d00000) (1024K)]
  0x000001eac1d27930 JavaThread "Reference Handler"          daemon [_thread_blocked, id=23336, stack(0x0000009bf8400000,0x0000009bf8500000) (1024K)]
  0x000001eac1d28390 JavaThread "Finalizer"                  daemon [_thread_blocked, id=19200, stack(0x0000009bf8500000,0x0000009bf8600000) (1024K)]
  0x000001eac1d2cc50 JavaThread "Signal Dispatcher"          daemon [_thread_blocked, id=18820, stack(0x0000009bf8600000,0x0000009bf8700000) (1024K)]
  0x000001eac1d2fce0 JavaThread "Attach Listener"            daemon [_thread_blocked, id=5460, stack(0x0000009bf8700000,0x0000009bf8800000) (1024K)]
  0x000001eac1d2da10 JavaThread "Service Thread"             daemon [_thread_blocked, id=21004, stack(0x0000009bf8800000,0x0000009bf8900000) (1024K)]
  0x000001eac1d32e20 JavaThread "Monitor Deflation Thread"   daemon [_thread_blocked, id=8908, stack(0x0000009bf8900000,0x0000009bf8a00000) (1024K)]
=>0x000001eac1d2e1d0 JavaThread "C2 CompilerThread0"         daemon [_thread_in_native, id=5244, stack(0x0000009bf8a00000,0x0000009bf8b00000) (1024K)]
  0x000001eac1d2ef10 JavaThread "C1 CompilerThread0"         daemon [_thread_blocked, id=8860, stack(0x0000009bf8b00000,0x0000009bf8c00000) (1024K)]
  0x000001eac608a090 JavaThread "Notification Thread"        daemon [_thread_blocked, id=8868, stack(0x0000009bf8c00000,0x0000009bf8d00000) (1024K)]
  0x000001eac608f640 JavaThread "Common-Cleaner"             daemon [_thread_blocked, id=11404, stack(0x0000009bf8d00000,0x0000009bf8e00000) (1024K)]
  0x000001eac6514290 JavaThread "QuantumRenderer-0"          daemon [_thread_blocked, id=10036, stack(0x0000009bf8e00000,0x0000009bf8f00000) (1024K)]
  0x000001eac68cb9d0 JavaThread "InvokeLaterDispatcher"      daemon [_thread_blocked, id=16596, stack(0x0000009bf8f00000,0x0000009bf9000000) (1024K)]
  0x000001eac68da920 JavaThread "JavaFX Application Thread"         [_thread_in_native, id=5104, stack(0x0000009bf9000000,0x0000009bf9100000) (1024K)]
  0x000001eac6b27550 JavaThread "JavaFX-Launcher"                   [_thread_blocked, id=21496, stack(0x0000009bf9b00000,0x0000009bf9c00000) (1024K)]
  0x000001eac6adc2b0 JavaThread "Thread-2"                   daemon [_thread_in_native, id=21152, stack(0x0000009bf9a00000,0x0000009bf9b00000) (1024K)]
  0x000001eacba2e520 JavaThread "Prism Font Disposer"        daemon [_thread_blocked, id=12196, stack(0x0000009bf9d00000,0x0000009bf9e00000) (1024K)]
  0x000001eacb8d70f0 JavaThread "Cleaner-0"                  daemon [_thread_blocked, id=12164, stack(0x0000009bf9c00000,0x0000009bf9d00000) (1024K)]
  0x000001eacbd170f0 JavaThread "PostgreSQL-JDBC-Cleaner"    daemon [_thread_blocked, id=4928, stack(0x0000009bf9300000,0x0000009bf9400000) (1024K)]
Total: 19

Other Threads:
  0x000001eac1bd8650 VMThread "VM Thread"                           [id=22808, stack(0x0000009bf8300000,0x0000009bf8400000) (1024K)]
  0x000001eac1d08490 WatcherThread "VM Periodic Task Thread"        [id=12336, stack(0x0000009bf8200000,0x0000009bf8300000) (1024K)]
  0x000001eaa13655e0 WorkerThread "GC Thread#0"                     [id=11920, stack(0x0000009bf7d00000,0x0000009bf7e00000) (1024K)]
  0x000001eac1bd8ef0 WorkerThread "GC Thread#1"                     [id=17676, stack(0x0000009bfa200000,0x0000009bfa300000) (1024K)]
  0x000001eacc050df0 WorkerThread "GC Thread#2"                     [id=4368, stack(0x0000009bfa300000,0x0000009bfa400000) (1024K)]
  0x000001eacc04fcb0 WorkerThread "GC Thread#3"                     [id=25044, stack(0x0000009bfa400000,0x0000009bfa500000) (1024K)]
  0x000001eacc04eb70 WorkerThread "GC Thread#4"                     [id=23084, stack(0x0000009bfa500000,0x0000009bfa600000) (1024K)]
  0x000001eacc051240 WorkerThread "GC Thread#5"                     [id=5576, stack(0x0000009bfa600000,0x0000009bfa700000) (1024K)]
  0x000001eacc051690 WorkerThread "GC Thread#6"                     [id=7324, stack(0x0000009bfa700000,0x0000009bfa800000) (1024K)]
  0x000001eacc04de80 WorkerThread "GC Thread#7"                     [id=3704, stack(0x0000009bfa800000,0x0000009bfa900000) (1024K)]
  0x000001eaa137f0b0 ConcurrentGCThread "G1 Main Marker"            [id=1532, stack(0x0000009bf7e00000,0x0000009bf7f00000) (1024K)]
  0x000001eaa1380400 WorkerThread "G1 Conc#0"                       [id=10032, stack(0x0000009bf7f00000,0x0000009bf8000000) (1024K)]
  0x000001eacc051ae0 WorkerThread "G1 Conc#1"                       [id=3636, stack(0x0000009bfaa00000,0x0000009bfab00000) (1024K)]
  0x000001eaa13be890 ConcurrentGCThread "G1 Refine#0"               [id=20044, stack(0x0000009bf8000000,0x0000009bf8100000) (1024K)]
  0x000001eac1bc3690 ConcurrentGCThread "G1 Service"                [id=24144, stack(0x0000009bf8100000,0x0000009bf8200000) (1024K)]
Total: 15

Threads with active compile tasks:
C2 CompilerThread0  3659781 9565   !   4       com.sun.scenario.animation.AbstractPrimaryTimer::timePulseImpl (172 bytes)
Total: 1

VM state: not at safepoint (normal execution)

VM Mutex/Monitor currently owned by a thread: None

Heap address: 0x0000000702e00000, size: 4050 MB, Compressed Oops mode: Zero based, Oop shift amount: 3

CDS archive(s) mapped at: [0x000000002c000000-0x000000002ce30000-0x000000002ce30000), size 14876672, SharedBaseAddress: 0x000000002c000000, ArchiveRelocationMode: 1.
Compressed class space mapped at: 0x000000002d000000-0x000000006d000000, reserved size: 1073741824
UseCompressedClassPointers 1, UseCompactObjectHeaders 0
Narrow klass pointer bits 32, Max shift 3
Narrow klass base: 0x000000002c000000, Narrow klass shift: 0
Encoding Range: [0x000000002c000000 - 0x000000012c000000), (4294967296 bytes)
Klass Range:    [0x000000002c010000 - 0x000000006d000000), (1090453504 bytes)
Klass ID Range:  [65536 - 1090519033) (1090453497)
Protection zone: [0x000000002c000000 - 0x000000002c010000), (65536 bytes)

GC Precious Log:
 CardTable entry size: 512
 Card Set container configuration: InlinePtr #cards 4 size 8 Array Of Cards #cards 16 size 48 Howl #buckets 8 coarsen threshold 3686 Howl Bitmap #cards 512 size 80 coarsen threshold 460 Card regions per heap region 1 cards per card region 4096
 CPUs: 8 total, 8 available
 Memory: 16198M
 Large Page Support: Disabled
 NUMA Support: Disabled
 Compressed Oops: Enabled (Zero based)
 Heap Region Size: 2M
 Heap Min Capacity: 8M
 Heap Initial Capacity: 254M
 Heap Max Capacity: 4050M
 Pre-touch: Disabled
 Parallel Workers: 8
 Concurrent Workers: 2
 Concurrent Refinement Workers: 8
 Periodic GC: Disabled

Heap:
 garbage-first heap   total reserved 4147200K, committed 53248K, used 43962K [0x0000000702e00000, 0x0000000800000000)
  region size 2048K, 11 young (22528K), 1 survivors (2048K)

Heap Regions: E=young(eden), S=young(survivor), O=old, HS=humongous(starts), HC=humongous(continues), CS=collection set, F=free, TAMS=top-at-mark-start, PB=parsable bottom
|   0|0x0000000702e00000, 0x0000000703000000, 0x0000000703000000|100%|HS|  |TAMS 0x0000000702e00000| PB 0x0000000702e00000| Complete |  0
|   1|0x0000000703000000, 0x00000007031febe0, 0x0000000703200000| 99%| O|  |TAMS 0x0000000703000000| PB 0x0000000703000000| Untracked |  0
|   2|0x0000000703200000, 0x0000000703400000, 0x0000000703400000|100%| O|  |TAMS 0x0000000703200000| PB 0x0000000703200000| Untracked |  0
|   3|0x0000000703400000, 0x0000000703600000, 0x0000000703600000|100%| O|  |TAMS 0x0000000703400000| PB 0x0000000703400000| Untracked |  0
|   4|0x0000000703600000, 0x0000000703800000, 0x0000000703800000|100%| O|  |TAMS 0x0000000703600000| PB 0x0000000703600000| Untracked |  0
|   5|0x0000000703800000, 0x0000000703a00000, 0x0000000703a00000|100%| O|Cm|TAMS 0x0000000703800000| PB 0x0000000703800000| Complete |  0
|   6|0x0000000703a00000, 0x0000000703c00000, 0x0000000703c00000|100%| O|  |TAMS 0x0000000703a00000| PB 0x0000000703a00000| Untracked |  0
|   7|0x0000000703c00000, 0x0000000703e00000, 0x0000000703e00000|100%|HS|  |TAMS 0x0000000703c00000| PB 0x0000000703c00000| Complete |  0
|   8|0x0000000703e00000, 0x0000000704000000, 0x0000000704000000|100%| O|  |TAMS 0x0000000703e00000| PB 0x0000000703e00000| Untracked |  0
|   9|0x0000000704000000, 0x00000007040abeb8, 0x0000000704200000| 33%| S|CS|TAMS 0x0000000704000000| PB 0x0000000704000000| Complete |  0
|  10|0x0000000704200000, 0x0000000704400000, 0x0000000704400000|100%| O|  |TAMS 0x0000000704200000| PB 0x0000000704200000| Untracked |  0
|  11|0x0000000704400000, 0x0000000704444060, 0x0000000704600000| 13%| O|  |TAMS 0x0000000704400000| PB 0x0000000704400000| Untracked |  0
|  12|0x0000000704600000, 0x0000000704800000, 0x0000000704800000|100%| O|  |TAMS 0x0000000704600000| PB 0x0000000704600000| Untracked |  0
|  13|0x0000000704800000, 0x0000000704800000, 0x0000000704a00000|  0%| F|  |TAMS 0x0000000704800000| PB 0x0000000704800000| Untracked |  0
|  14|0x0000000704a00000, 0x0000000704a00000, 0x0000000704c00000|  0%| F|  |TAMS 0x0000000704a00000| PB 0x0000000704a00000| Untracked |  0
|  15|0x0000000704c00000, 0x0000000704d22f08, 0x0000000704e00000| 56%| E|  |TAMS 0x0000000704c00000| PB 0x0000000704c00000| Complete |  0
|  16|0x0000000704e00000, 0x0000000705000000, 0x0000000705000000|100%| E|CS|TAMS 0x0000000704e00000| PB 0x0000000704e00000| Complete |  0
|  17|0x0000000705000000, 0x0000000705200000, 0x0000000705200000|100%| E|CS|TAMS 0x0000000705000000| PB 0x0000000705000000| Complete |  0
|  18|0x0000000705200000, 0x0000000705400000, 0x0000000705400000|100%| E|CS|TAMS 0x0000000705200000| PB 0x0000000705200000| Complete |  0
| 121|0x0000000712000000, 0x0000000712200000, 0x0000000712200000|100%| E|CS|TAMS 0x0000000712000000| PB 0x0000000712000000| Complete |  0
| 122|0x0000000712200000, 0x0000000712400000, 0x0000000712400000|100%| E|CS|TAMS 0x0000000712200000| PB 0x0000000712200000| Complete |  0
| 123|0x0000000712400000, 0x0000000712600000, 0x0000000712600000|100%| E|CS|TAMS 0x0000000712400000| PB 0x0000000712400000| Complete |  0
| 124|0x0000000712600000, 0x0000000712800000, 0x0000000712800000|100%| E|CS|TAMS 0x0000000712600000| PB 0x0000000712600000| Complete |  0
| 126|0x0000000712a00000, 0x0000000712c00000, 0x0000000712c00000|100%| E|CS|TAMS 0x0000000712a00000| PB 0x0000000712a00000| Complete |  0
|2023|0x00000007ffc00000, 0x00000007ffe00000, 0x00000007ffe00000|100%| O|  |TAMS 0x00000007ffc00000| PB 0x00000007ffc00000| Untracked |  0
|2024|0x00000007ffe00000, 0x0000000800000000, 0x0000000800000000|100%| E|CS|TAMS 0x00000007ffe00000| PB 0x00000007ffe00000| Complete |  0

Card table byte_map: [0x000001eababe0000,0x000001eabb3d0000] _byte_map_base: 0x000001eab73c9000

Marking Bits: (CMBitMap*) 0x000001eaa1365d80
 Bits: [0x000001eabb3d0000, 0x000001eabf318000)

Polling page: 0x000001ea9f540000

Metaspace:
Metaspace        used 27733K, committed 28032K, reserved 1114112K
 class space     used 3350K, committed 3456K, reserved 1048576K

Usage:
  Non-class:     23.81 MB used.
      Class:      3.27 MB used.
       Both:     27.08 MB used.

Virtual space:
  Non-class space:       64.00 MB reserved,      24.00 MB ( 38%) committed,  1 nodes.
      Class space:        1.00 GB reserved,       3.38 MB ( <1%) committed,  1 nodes.
             Both:        1.06 GB reserved,      27.38 MB (  3%) committed. 

Chunk freelists:
   Non-Class:  7.86 MB
       Class:  12.45 MB
        Both:  20.31 MB

MaxMetaspaceSize: unlimited
CompressedClassSpaceSize: 1.00 GB
Initial GC threshold: 21.00 MB
Current GC threshold: 45.44 MB
CDS: on
 - commit_granule_bytes: 65536.
 - commit_granule_words: 8192.
 - virtual_space_node_default_size: 8388608.
 - enlarge_chunks_in_place: 1.
UseCompressedClassPointers 1, UseCompactObjectHeaders 0
Narrow klass pointer bits 32, Max shift 3
Narrow klass base: 0x000000002c000000, Narrow klass shift: 0
Encoding Range: [0x000000002c000000 - 0x000000012c000000), (4294967296 bytes)
Klass Range:    [0x000000002c010000 - 0x000000006d000000), (1090453504 bytes)
Klass ID Range:  [65536 - 1090519033) (1090453497)
Protection zone: [0x000000002c000000 - 0x000000002c010000), (65536 bytes)


Internal statistics:

num_allocs_failed_limit: 3.
num_arena_births: 316.
num_arena_deaths: 0.
num_vsnodes_births: 2.
num_vsnodes_deaths: 0.
num_space_committed: 438.
num_space_uncommitted: 0.
num_chunks_returned_to_freelist: 3.
num_chunks_taken_from_freelist: 1196.
num_chunk_merges: 3.
num_chunk_splits: 841.
num_chunks_enlarged: 659.
num_inconsistent_stats: 0.

CodeHeap 'non-profiled nmethods': size=120064Kb used=4009Kb max_used=4829Kb free=116055Kb
 bounds [0x000001eab2b70000, 0x000001eab3030000, 0x000001eaba0b0000]
CodeHeap 'profiled nmethods': size=120000Kb used=11694Kb max_used=16420Kb free=108305Kb
 bounds [0x000001eaab0b0000, 0x000001eaac0c0000, 0x000001eab25e0000]
CodeHeap 'non-nmethods': size=5696Kb used=1822Kb max_used=1892Kb free=3873Kb
 bounds [0x000001eab25e0000, 0x000001eab2850000, 0x000001eab2b70000]
CodeCache: size=245760Kb, used=17525Kb, max_used=23141Kb, free=228233Kb
 total_blobs=8563, nmethods=7615, adapters=846, full_count=0
Compilation: enabled, stopped_count=0, restarted_count=0

Compilation events (20 events):
Event: 3639.326 Thread 0x000001eac1d2ef10 nmethod 9555 0x000001eaab477a08 code [0x000001eaab477b00, 0x000001eaab4781c8]
Event: 3639.437 Thread 0x000001eac1d2ef10 9556       3       javafx.animation.SequentialTransition::doPlayTo (1678 bytes)
Event: 3639.449 Thread 0x000001eac1d2ef10 nmethod 9556 0x000001eaab5f1008 code [0x000001eaab5f1120, 0x000001eaab5f8c20]
Event: 3639.449 Thread 0x000001eac1d2ef10 9557       3       javafx.animation.SequentialTransition::calculateFraction (32 bytes)
Event: 3639.449 Thread 0x000001eac1d2ef10 nmethod 9557 0x000001eaab706c88 code [0x000001eaab706da0, 0x000001eaab706fb0]
Event: 3639.449 Thread 0x000001eac1d2ef10 9558       3       javafx.animation.Interpolator::interpolate (17 bytes)
Event: 3639.449 Thread 0x000001eac1d2ef10 nmethod 9558 0x000001eaab76c908 code [0x000001eaab76ca00, 0x000001eaab76cc20]
Event: 3639.449 Thread 0x000001eac1d2ef10 9559       3       javafx.animation.SequentialTransition::findNewIndex (171 bytes)
Event: 3639.450 Thread 0x000001eac1d2ef10 nmethod 9559 0x000001eaab26ba88 code [0x000001eaab26bb80, 0x000001eaab26c058]
Event: 3639.450 Thread 0x000001eac1d2ef10 9560       3       com.sun.javafx.animation.TickCalculation::sub (85 bytes)
Event: 3639.450 Thread 0x000001eac1d2ef10 nmethod 9560 0x000001eaab620908 code [0x000001eaab620a00, 0x000001eaab620d58]
Event: 3639.450 Thread 0x000001eac1d2ef10 9561       3       javafx.scene.shape.Arc$6::invalidated (18 bytes)
Event: 3639.451 Thread 0x000001eac1d2ef10 nmethod 9561 0x000001eaab253c88 code [0x000001eaab253d80, 0x000001eaab254320]
Event: 3639.505 Thread 0x000001eac1d2ef10 9562       3       com.sun.prism.impl.ps.CachingShapeRepState$MaskTexData::<init> (5 bytes)
Event: 3639.506 Thread 0x000001eac1d2ef10 nmethod 9562 0x000001eaab454088 code [0x000001eaab454180, 0x000001eaab4542e0]
Event: 3639.662 Thread 0x000001eac1d2ef10 9563       3       java.util.ArrayList::equalsArrayList (108 bytes)
Event: 3639.663 Thread 0x000001eac1d2ef10 nmethod 9563 0x000001eaab2d4c88 code [0x000001eaab2d4d80, 0x000001eaab2d5528]
Event: 3639.669 Thread 0x000001eac1d2e1d0 9564       4       java.util.ArrayList$SubList::size (9 bytes)
Event: 3639.671 Thread 0x000001eac1d2e1d0 nmethod 9564 0x000001eab2f07308 code [0x000001eab2f07400, 0x000001eab2f074b8]
Event: 3658.506 Thread 0x000001eac1d2e1d0 9565   !   4       com.sun.scenario.animation.AbstractPrimaryTimer::timePulseImpl (172 bytes)

GC Heap Usage History (20 events):
Event: 2635.537 {heap Before GC invocations=37 (full 0):
 garbage-first heap   total reserved 4147200K, committed 49152K, used 42005K [0x0000000702e00000, 0x0000000800000000)
  region size 2048K, 12 young (24576K), 1 survivors (2048K)
}
Event: 2635.538 {heap After GC invocations=38 (full 0):
 garbage-first heap   total reserved 4147200K, committed 49152K, used 19497K [0x0000000702e00000, 0x0000000800000000)
  region size 2048K, 1 young (2048K), 1 survivors (2048K)
}
Event: 2704.866 {heap Before GC invocations=38 (full 0):
 garbage-first heap   total reserved 4147200K, committed 49152K, used 42025K [0x0000000702e00000, 0x0000000800000000)
  region size 2048K, 12 young (24576K), 1 survivors (2048K)
}
Event: 2704.870 {heap After GC invocations=39 (full 0):
 garbage-first heap   total reserved 4147200K, committed 49152K, used 19497K [0x0000000702e00000, 0x0000000800000000)
  region size 2048K, 1 young (2048K), 1 survivors (2048K)
}
Event: 2774.331 {heap Before GC invocations=39 (full 0):
 garbage-first heap   total reserved 4147200K, committed 49152K, used 42025K [0x0000000702e00000, 0x0000000800000000)
  region size 2048K, 12 young (24576K), 1 survivors (2048K)
}
Event: 2774.333 {heap After GC invocations=40 (full 0):
 garbage-first heap   total reserved 4147200K, committed 49152K, used 19497K [0x0000000702e00000, 0x0000000800000000)
  region size 2048K, 1 young (2048K), 1 survivors (2048K)
}
Event: 2966.557 {heap Before GC invocations=40 (full 0):
 garbage-first heap   total reserved 4147200K, committed 49152K, used 42025K [0x0000000702e00000, 0x0000000800000000)
  region size 2048K, 12 young (24576K), 1 survivors (2048K)
}
Event: 2966.560 {heap After GC invocations=41 (full 0):
 garbage-first heap   total reserved 4147200K, committed 49152K, used 20594K [0x0000000702e00000, 0x0000000800000000)
  region size 2048K, 1 young (2048K), 1 survivors (2048K)
}
Event: 3074.322 {heap Before GC invocations=41 (full 0):
 garbage-first heap   total reserved 4147200K, committed 49152K, used 43122K [0x0000000702e00000, 0x0000000800000000)
  region size 2048K, 12 young (24576K), 1 survivors (2048K)
}
Event: 3074.331 {heap After GC invocations=42 (full 0):
 garbage-first heap   total reserved 4147200K, committed 49152K, used 23127K [0x0000000702e00000, 0x0000000800000000)
  region size 2048K, 2 young (4096K), 2 survivors (4096K)
}
Event: 3110.916 {heap Before GC invocations=42 (full 0):
 garbage-first heap   total reserved 4147200K, committed 49152K, used 43607K [0x0000000702e00000, 0x0000000800000000)
  region size 2048K, 12 young (24576K), 2 survivors (4096K)
}
Event: 3110.927 {heap After GC invocations=43 (full 0):
 garbage-first heap   total reserved 4147200K, committed 53248K, used 25465K [0x0000000702e00000, 0x0000000800000000)
  region size 2048K, 2 young (4096K), 2 survivors (4096K)
}
Event: 3142.138 {heap Before GC invocations=43 (full 0):
 garbage-first heap   total reserved 4147200K, committed 53248K, used 43897K [0x0000000702e00000, 0x0000000800000000)
  region size 2048K, 11 young (22528K), 2 survivors (4096K)
}
Event: 3142.146 {heap After GC invocations=44 (full 0):
 garbage-first heap   total reserved 4147200K, committed 53248K, used 25888K [0x0000000702e00000, 0x0000000800000000)
  region size 2048K, 1 young (2048K), 1 survivors (2048K)
}
Event: 3184.242 {heap Before GC invocations=45 (full 0):
 garbage-first heap   total reserved 4147200K, committed 53248K, used 46368K [0x0000000702e00000, 0x0000000800000000)
  region size 2048K, 11 young (22528K), 1 survivors (2048K)
}
Event: 3184.246 {heap After GC invocations=46 (full 0):
 garbage-first heap   total reserved 4147200K, committed 53248K, used 25840K [0x0000000702e00000, 0x0000000800000000)
  region size 2048K, 1 young (2048K), 1 survivors (2048K)
}
Event: 3481.444 {heap Before GC invocations=46 (full 0):
 garbage-first heap   total reserved 4147200K, committed 53248K, used 46320K [0x0000000702e00000, 0x0000000800000000)
  region size 2048K, 11 young (22528K), 1 survivors (2048K)
}
Event: 3481.450 {heap After GC invocations=47 (full 0):
 garbage-first heap   total reserved 4147200K, committed 53248K, used 23411K [0x0000000702e00000, 0x0000000800000000)
  region size 2048K, 1 young (2048K), 1 survivors (2048K)
}
Event: 3616.304 {heap Before GC invocations=47 (full 0):
 garbage-first heap   total reserved 4147200K, committed 53248K, used 45939K [0x0000000702e00000, 0x0000000800000000)
  region size 2048K, 12 young (24576K), 1 survivors (2048K)
}
Event: 3616.308 {heap After GC invocations=48 (full 0):
 garbage-first heap   total reserved 4147200K, committed 53248K, used 23482K [0x0000000702e00000, 0x0000000800000000)
  region size 2048K, 1 young (2048K), 1 survivors (2048K)
}

Metaspace Usage History (20 events):
Event: 2635.537 {metaspace Before GC invocations=37 (full 0):
 Metaspace       used 26533K, committed 26880K, reserved 1114112K
  class space    used 3299K, committed 3456K, reserved 1048576K
}
Event: 2635.538 {metaspace After GC invocations=38 (full 0):
 Metaspace       used 26533K, committed 26880K, reserved 1114112K
  class space    used 3299K, committed 3456K, reserved 1048576K
}
Event: 2704.866 {metaspace Before GC invocations=38 (full 0):
 Metaspace       used 26533K, committed 26880K, reserved 1114112K
  class space    used 3299K, committed 3456K, reserved 1048576K
}
Event: 2704.870 {metaspace After GC invocations=39 (full 0):
 Metaspace       used 26533K, committed 26880K, reserved 1114112K
  class space    used 3299K, committed 3456K, reserved 1048576K
}
Event: 2774.331 {metaspace Before GC invocations=39 (full 0):
 Metaspace       used 26533K, committed 26880K, reserved 1114112K
  class space    used 3299K, committed 3456K, reserved 1048576K
}
Event: 2774.333 {metaspace After GC invocations=40 (full 0):
 Metaspace       used 26533K, committed 26880K, reserved 1114112K
  class space    used 3299K, committed 3456K, reserved 1048576K
}
Event: 2966.557 {metaspace Before GC invocations=40 (full 0):
 Metaspace       used 26745K, committed 27072K, reserved 1114112K
  class space    used 3300K, committed 3456K, reserved 1048576K
}
Event: 2966.560 {metaspace After GC invocations=41 (full 0):
 Metaspace       used 26745K, committed 27072K, reserved 1114112K
  class space    used 3300K, committed 3456K, reserved 1048576K
}
Event: 3074.322 {metaspace Before GC invocations=41 (full 0):
 Metaspace       used 27276K, committed 27584K, reserved 1114112K
  class space    used 3342K, committed 3456K, reserved 1048576K
}
Event: 3074.331 {metaspace After GC invocations=42 (full 0):
 Metaspace       used 27276K, committed 27584K, reserved 1114112K
  class space    used 3342K, committed 3456K, reserved 1048576K
}
Event: 3110.916 {metaspace Before GC invocations=42 (full 0):
 Metaspace       used 27468K, committed 27712K, reserved 1114112K
  class space    used 3343K, committed 3456K, reserved 1048576K
}
Event: 3110.927 {metaspace After GC invocations=43 (full 0):
 Metaspace       used 27468K, committed 27712K, reserved 1114112K
  class space    used 3343K, committed 3456K, reserved 1048576K
}
Event: 3142.138 {metaspace Before GC invocations=43 (full 0):
 Metaspace       used 27573K, committed 27904K, reserved 1114112K
  class space    used 3343K, committed 3456K, reserved 1048576K
}
Event: 3142.146 {metaspace After GC invocations=44 (full 0):
 Metaspace       used 27573K, committed 27904K, reserved 1114112K
  class space    used 3343K, committed 3456K, reserved 1048576K
}
Event: 3184.242 {metaspace Before GC invocations=45 (full 0):
 Metaspace       used 27614K, committed 27904K, reserved 1114112K
  class space    used 3343K, committed 3456K, reserved 1048576K
}
Event: 3184.246 {metaspace After GC invocations=46 (full 0):
 Metaspace       used 27614K, committed 27904K, reserved 1114112K
  class space    used 3343K, committed 3456K, reserved 1048576K
}
Event: 3481.444 {metaspace Before GC invocations=46 (full 0):
 Metaspace       used 27657K, committed 27904K, reserved 1114112K
  class space    used 3349K, committed 3456K, reserved 1048576K
}
Event: 3481.450 {metaspace After GC invocations=47 (full 0):
 Metaspace       used 27657K, committed 27904K, reserved 1114112K
  class space    used 3349K, committed 3456K, reserved 1048576K
}
Event: 3616.304 {metaspace Before GC invocations=47 (full 0):
 Metaspace       used 27668K, committed 27968K, reserved 1114112K
  class space    used 3349K, committed 3456K, reserved 1048576K
}
Event: 3616.308 {metaspace After GC invocations=48 (full 0):
 Metaspace       used 27668K, committed 27968K, reserved 1114112K
  class space    used 3349K, committed 3456K, reserved 1048576K
}

Dll operation events (20 events):
Event: 0.354 Loaded shared library C:\Users\techf\Downloads\zulu25.30.17-ca-fx-jdk25.0.1-win_x64\bin\javafx\api-ms-win-crt-multibyte-l1-1-0.dll
Event: 0.357 Loaded shared library C:\Users\techf\Downloads\zulu25.30.17-ca-fx-jdk25.0.1-win_x64\bin\javafx\api-ms-win-crt-private-l1-1-0.dll
Event: 0.360 Loaded shared library C:\Users\techf\Downloads\zulu25.30.17-ca-fx-jdk25.0.1-win_x64\bin\javafx\api-ms-win-crt-process-l1-1-0.dll
Event: 0.362 Loaded shared library C:\Users\techf\Downloads\zulu25.30.17-ca-fx-jdk25.0.1-win_x64\bin\javafx\api-ms-win-crt-runtime-l1-1-0.dll
Event: 0.365 Loaded shared library C:\Users\techf\Downloads\zulu25.30.17-ca-fx-jdk25.0.1-win_x64\bin\javafx\api-ms-win-crt-stdio-l1-1-0.dll
Event: 0.368 Loaded shared library C:\Users\techf\Downloads\zulu25.30.17-ca-fx-jdk25.0.1-win_x64\bin\javafx\api-ms-win-crt-string-l1-1-0.dll
Event: 0.371 Loaded shared library C:\Users\techf\Downloads\zulu25.30.17-ca-fx-jdk25.0.1-win_x64\bin\javafx\api-ms-win-crt-time-l1-1-0.dll
Event: 0.374 Loaded shared library C:\Users\techf\Downloads\zulu25.30.17-ca-fx-jdk25.0.1-win_x64\bin\javafx\api-ms-win-crt-utility-l1-1-0.dll
Event: 0.377 Loaded shared library C:\Users\techf\Downloads\zulu25.30.17-ca-fx-jdk25.0.1-win_x64\bin\javafx\ucrtbase.dll
Event: 0.380 Loaded shared library C:\Users\techf\Downloads\zulu25.30.17-ca-fx-jdk25.0.1-win_x64\bin\javafx\vcruntime140.dll
Event: 0.383 Loaded shared library C:\Users\techf\Downloads\zulu25.30.17-ca-fx-jdk25.0.1-win_x64\bin\javafx\vcruntime140_1.dll
Event: 0.386 Loaded shared library C:\Users\techf\Downloads\zulu25.30.17-ca-fx-jdk25.0.1-win_x64\bin\javafx\msvcp140.dll
Event: 0.389 Loaded shared library C:\Users\techf\Downloads\zulu25.30.17-ca-fx-jdk25.0.1-win_x64\bin\javafx\msvcp140_1.dll
Event: 0.391 Loaded shared library C:\Users\techf\Downloads\zulu25.30.17-ca-fx-jdk25.0.1-win_x64\bin\javafx\msvcp140_2.dll
Event: 0.434 Loaded shared library C:\Users\techf\Downloads\zulu25.30.17-ca-fx-jdk25.0.1-win_x64\bin\javafx\prism_d3d.dll
Event: 0.479 Loaded shared library C:\Users\techf\Downloads\zulu25.30.17-ca-fx-jdk25.0.1-win_x64\bin\javafx\glass.dll
Event: 1.123 Loaded shared library C:\Users\techf\Downloads\zulu25.30.17-ca-fx-jdk25.0.1-win_x64\bin\javafx\javafx_font.dll
Event: 18.221 Loaded shared library C:\Users\techf\Downloads\zulu25.30.17-ca-fx-jdk25.0.1-win_x64\bin\extnet.dll
Event: 18.245 Loaded shared library C:\Users\techf\Downloads\zulu25.30.17-ca-fx-jdk25.0.1-win_x64\bin\management.dll
Event: 18.252 Loaded shared library C:\Users\techf\Downloads\zulu25.30.17-ca-fx-jdk25.0.1-win_x64\bin\management_ext.dll

Deoptimization events (20 events):
Event: 3618.014 Thread 0x000001eac68da920 Uncommon trap: trap_request=0xffffffde fr.pc=0x000001eab2ed060c relative=0x000000000000068c
Event: 3618.014 Thread 0x000001eac68da920 Uncommon trap: reason=class_check action=maybe_recompile pc=0x000001eab2ed060c method=com.sun.javafx.scene.EnteredExitedHandler.dispatchBubblingEvent(Ljavafx/event/Event;)Ljavafx/event/Event; @ 77 c2
Event: 3618.014 Thread 0x000001eac68da920 DEOPT PACKING pc=0x000001eab2ed060c sp=0x0000009bf90fe830
Event: 3618.014 Thread 0x000001eac68da920 DEOPT UNPACKING pc=0x000001eab26ffc02 sp=0x0000009bf90fe7f0 mode 2
Event: 3621.799 Thread 0x000001eac6514290 Uncommon trap: trap_request=0xffffff45 fr.pc=0x000001eab2e6ffac relative=0x000000000000180c
Event: 3621.799 Thread 0x000001eac6514290 Uncommon trap: reason=unstable_if action=reinterpret pc=0x000001eab2e6ffac method=com.sun.prism.impl.BaseContext.validateMaskTexture(Lcom/sun/prism/impl/shape/MaskData;Z)Lcom/sun/prism/Texture; @ 114 c2
Event: 3621.799 Thread 0x000001eac6514290 DEOPT PACKING pc=0x000001eab2e6ffac sp=0x0000009bf8efe890
Event: 3621.799 Thread 0x000001eac6514290 DEOPT UNPACKING pc=0x000001eab26ffc02 sp=0x0000009bf8efe5c0 mode 2
Event: 3639.007 Thread 0x000001eac6514290 Uncommon trap: trap_request=0xffffff6e fr.pc=0x000001eab2c0a430 relative=0x0000000000001630
Event: 3639.007 Thread 0x000001eac6514290 Uncommon trap: reason=predicate action=maybe_recompile pc=0x000001eab2c0a430 method=java.util.TimSort.reverseRange([Ljava/lang/Object;II)V @ 5 c2
Event: 3639.007 Thread 0x000001eac6514290 DEOPT PACKING pc=0x000001eab2c0a430 sp=0x0000009bf8efdfd0
Event: 3639.007 Thread 0x000001eac6514290 DEOPT UNPACKING pc=0x000001eab26ffc02 sp=0x0000009bf8efde80 mode 2
Event: 3639.011 Thread 0x000001eac6514290 Uncommon trap: trap_request=0xffffff6e fr.pc=0x000001eab2b9d6c8 relative=0x0000000000000448
Event: 3639.011 Thread 0x000001eac6514290 Uncommon trap: reason=predicate action=maybe_recompile pc=0x000001eab2b9d6c8 method=java.util.TimSort.reverseRange([Ljava/lang/Object;II)V @ 5 c2
Event: 3639.011 Thread 0x000001eac6514290 DEOPT PACKING pc=0x000001eab2b9d6c8 sp=0x0000009bf8efdf40
Event: 3639.011 Thread 0x000001eac6514290 DEOPT UNPACKING pc=0x000001eab26ffc02 sp=0x0000009bf8efde78 mode 2
Event: 3639.421 Thread 0x000001eac6514290 Uncommon trap: trap_request=0xffffffd6 fr.pc=0x000001eab2de5394 relative=0x0000000000001814
Event: 3639.421 Thread 0x000001eac6514290 Uncommon trap: reason=array_check action=maybe_recompile pc=0x000001eab2de5394 method=java.util.TimSort.reverseRange([Ljava/lang/Object;II)V @ 20 c2
Event: 3639.421 Thread 0x000001eac6514290 DEOPT PACKING pc=0x000001eab2de5394 sp=0x0000009bf8efe0d0
Event: 3639.421 Thread 0x000001eac6514290 DEOPT UNPACKING pc=0x000001eab26ffc02 sp=0x0000009bf8efdf78 mode 2

Classes loaded (20 events):
Event: 2984.712 Loading class java/util/regex/Pattern$BnM
Event: 2984.712 Loading class java/util/regex/Pattern$BnM done
Event: 2984.712 Loading class java/util/regex/Pattern$SliceS
Event: 2984.712 Loading class java/util/regex/Pattern$SliceS done
Event: 2984.714 Loading class sun/util/locale/provider/CalendarDataUtility$CalendarFieldValueNameGetter
Event: 2984.714 Loading class sun/util/locale/provider/CalendarDataUtility$CalendarFieldValueNameGetter done
Event: 2984.724 Loading class java/time/temporal/WeekFields
Event: 2984.725 Loading class java/time/temporal/WeekFields done
Event: 2984.725 Loading class java/time/DayOfWeek
Event: 2984.725 Loading class java/time/DayOfWeek done
Event: 2984.726 Loading class java/time/temporal/WeekFields$ComputedDayOfField
Event: 2984.726 Loading class java/time/temporal/WeekFields$ComputedDayOfField done
Event: 2984.727 Loading class java/time/Year
Event: 2984.728 Loading class java/time/Year done
Event: 2984.734 Loading class java/time/Month
Event: 2984.735 Loading class java/time/Month done
Event: 2988.892 Loading class java/time/format/DateTimeFormatterBuilder$ReducedPrinterParser
Event: 2988.893 Loading class java/time/format/DateTimeFormatterBuilder$ReducedPrinterParser done
Event: 3186.595 Loading class jdk/internal/util/DateTimeHelper
Event: 3186.595 Loading class jdk/internal/util/DateTimeHelper done

Classes unloaded (0 events):
No events

Classes redefined (0 events):
No events

Internal exceptions (20 events):
Event: 19.065 Thread 0x000001eac68da920 Implicit null exception at 0x000001eab2c81a30 to 0x000001eab2c822ec
Event: 19.122 Thread 0x000001eac68da920 Exception <a 'java/lang/NoSuchMethodError'{0x00000007050207c8}: 'double java.lang.invoke.DirectMethodHandle$Holder.invokeStatic(java.lang.Object, java.lang.Object)'> (0x00000007050207c8) 
thrown [s\src\hotspot\share\interpreter\linkResolver.cpp, line 804]
Event: 19.144 Thread 0x000001eac68da920 Exception <a 'java/lang/ClassNotFoundException'{0x00000007050b4f88}: com/sun/javafx/scene/control/skin/resources/controls-nt> (0x00000007050b4f88) 
thrown [s\src\hotspot\share\prims\jni.cpp, line 534]
Event: 19.144 Thread 0x000001eac68da920 Exception <a 'java/lang/ClassNotFoundException'{0x00000007050bd388}: com/sun/javafx/scene/control/skin/resources/controls-nt_en> (0x00000007050bd388) 
thrown [s\src\hotspot\share\prims\jni.cpp, line 534]
Event: 19.145 Thread 0x000001eac68da920 Exception <a 'java/lang/ClassNotFoundException'{0x00000007050be440}: com/sun/javafx/scene/control/skin/resources/controls-nt_en_US> (0x00000007050be440) 
thrown [s\src\hotspot\share\prims\jni.cpp, line 534]
Event: 29.573 Thread 0x000001eac68da920 Exception <a 'java/lang/NoSuchMethodError'{0x000000071249ff98}: 'java.lang.Object java.lang.invoke.DirectMethodHandle$Holder.newInvokeSpecial(java.lang.Object, java.lang.Object, int, int, int, int, int, java.lang.Object)'> (0x000000071249ff98) 
thrown [s\src\hotspot\share\interpreter\linkResolver.cpp, line 804]
Event: 44.810 Thread 0x000001eac68da920 Implicit null exception at 0x000001eab2d578fb to 0x000001eab2d57d90
Event: 44.810 Thread 0x000001eac68da920 Implicit null exception at 0x000001eab2ce51d1 to 0x000001eab2ce5940
Event: 47.093 Thread 0x000001eac68da920 Implicit null exception at 0x000001eab2cea829 to 0x000001eab2ceb79c
Event: 95.941 Thread 0x000001eac68da920 Exception <a 'java/lang/NoSuchMethodError'{0x000000070514b378}: 'int java.lang.invoke.DirectMethodHandle$Holder.invokeVirtual(java.lang.Object, java.lang.Object)'> (0x000000070514b378) 
thrown [s\src\hotspot\share\interpreter\linkResolver.cpp, line 804]
Event: 95.945 Thread 0x000001eac68da920 Exception <a 'java/lang/NoSuchMethodError'{0x0000000705161f00}: 'void java.lang.invoke.DirectMethodHandle$Holder.invokeStatic(java.lang.Object, java.lang.Object, java.lang.Object, int)'> (0x0000000705161f00) 
thrown [s\src\hotspot\share\interpreter\linkResolver.cpp, line 804]
Event: 112.403 Thread 0x000001eac68da920 Exception <a 'java/lang/NoSuchMethodError'{0x000000071220dcf8}: 'java.lang.Object java.lang.invoke.DirectMethodHandle$Holder.newInvokeSpecial(java.lang.Object, java.lang.Object, java.lang.Object, double, double, double, double, int, int, int, int, int, int, int, int, int)'> (0x000000071220dcf8) 
thrown [s\src\hotspot\share\interpreter\linkResolver.cpp, line 804]
Event: 2950.127 Thread 0x000001eac6514290 Implicit null exception at 0x000001eab2f3f1a0 to 0x000001eab2f402c0
Event: 2984.744 Thread 0x000001eac68da920 Implicit null exception at 0x000001eab2ecd268 to 0x000001eab2ecd690
Event: 3067.471 Thread 0x000001eac68da920 Implicit null exception at 0x000001eab2eb1491 to 0x000001eab2eb20bc
Event: 3067.472 Thread 0x000001eac68da920 Implicit null exception at 0x000001eab2e67731 to 0x000001eab2e67fa4
Event: 3142.253 Thread 0x000001eac68da920 Implicit null exception at 0x000001eab2f65665 to 0x000001eab2f657b8
Event: 3142.429 Thread 0x000001eac68da920 Implicit null exception at 0x000001eab2f64a65 to 0x000001eab2f64bb8
Event: 3472.313 Thread 0x000001eac6514290 Implicit null exception at 0x000001eab2b9ff80 to 0x000001eab2ba051e
Event: 3604.151 Thread 0x000001eac68da920 Implicit null exception at 0x000001eab2f8e120 to 0x000001eab2f8e5ac

VM Operations (20 events):
Event: 3481.444 Executing safepoint VM operation: G1CollectForAllocation (G1 Evacuation Pause)
Event: 3481.450 Executing safepoint VM operation: G1CollectForAllocation (G1 Evacuation Pause) done
Event: 3487.141 Executing non-safepoint VM operation: HandshakeAllThreads (HandshakeForDeflation)
Event: 3487.142 Executing non-safepoint VM operation: HandshakeAllThreads (HandshakeForDeflation) done
Event: 3487.142 Executing non-safepoint VM operation: RendezvousGCThreads
Event: 3487.142 Executing non-safepoint VM operation: RendezvousGCThreads done
Event: 3547.259 Executing non-safepoint VM operation: HandshakeAllThreads (HandshakeForDeflation)
Event: 3547.259 Executing non-safepoint VM operation: HandshakeAllThreads (HandshakeForDeflation) done
Event: 3547.259 Executing non-safepoint VM operation: RendezvousGCThreads
Event: 3547.259 Executing non-safepoint VM operation: RendezvousGCThreads done
Event: 3607.347 Executing non-safepoint VM operation: HandshakeAllThreads (HandshakeForDeflation)
Event: 3607.347 Executing non-safepoint VM operation: HandshakeAllThreads (HandshakeForDeflation) done
Event: 3607.348 Executing non-safepoint VM operation: RendezvousGCThreads
Event: 3607.348 Executing non-safepoint VM operation: RendezvousGCThreads done
Event: 3616.304 Executing safepoint VM operation: G1CollectForAllocation (G1 Evacuation Pause)
Event: 3616.308 Executing safepoint VM operation: G1CollectForAllocation (G1 Evacuation Pause) done
Event: 3616.349 Executing safepoint VM operation: G1PauseRemark
Event: 3616.364 Executing safepoint VM operation: G1PauseRemark done
Event: 3616.388 Executing safepoint VM operation: G1PauseCleanup
Event: 3616.388 Executing safepoint VM operation: G1PauseCleanup done

Memory protections (0 events):
No events

Nmethod flushes (20 events):
Event: 3616.362 Thread 0x000001eac1bd8650 flushing  nmethod 0x000001eaabba8188
Event: 3616.362 Thread 0x000001eac1bd8650 flushing  nmethod 0x000001eaabba9608
Event: 3616.362 Thread 0x000001eac1bd8650 flushing  nmethod 0x000001eaabbad508
Event: 3616.362 Thread 0x000001eac1bd8650 flushing  nmethod 0x000001eaabc42308
Event: 3616.362 Thread 0x000001eac1bd8650 flushing  nmethod 0x000001eaabc45588
Event: 3616.362 Thread 0x000001eac1bd8650 flushing  nmethod 0x000001eaabc68f08
Event: 3616.362 Thread 0x000001eac1bd8650 flushing  nmethod 0x000001eaabc69208
Event: 3616.362 Thread 0x000001eac1bd8650 flushing  nmethod 0x000001eaabc6c188
Event: 3616.362 Thread 0x000001eac1bd8650 flushing  nmethod 0x000001eaabc83608
Event: 3616.362 Thread 0x000001eac1bd8650 flushing  nmethod 0x000001eaabc85008
Event: 3616.362 Thread 0x000001eac1bd8650 flushing  nmethod 0x000001eaabc86408
Event: 3616.362 Thread 0x000001eac1bd8650 flushing  nmethod 0x000001eaabc88088
Event: 3616.362 Thread 0x000001eac1bd8650 flushing  nmethod 0x000001eaabc88508
Event: 3616.362 Thread 0x000001eac1bd8650 flushing  nmethod 0x000001eaabc8a588
Event: 3616.362 Thread 0x000001eac1bd8650 flushing  nmethod 0x000001eaabc8c208
Event: 3616.362 Thread 0x000001eac1bd8650 flushing  nmethod 0x000001eaabcaa088
Event: 3616.362 Thread 0x000001eac1bd8650 flushing  nmethod 0x000001eaabd6f608
Event: 3616.362 Thread 0x000001eac1bd8650 flushing  nmethod 0x000001eaabe07c08
Event: 3616.362 Thread 0x000001eac1bd8650 flushing  nmethod 0x000001eaabe13308
Event: 3616.362 Thread 0x000001eac1bd8650 flushing  nmethod 0x000001eaac060588

Events (20 events):
Event: 2984.771 Thread 0x000001eac1d2ef10 Thread added: 0x000001eacc594a10
Event: 2984.776 Thread 0x000001eac1d2ef10 Thread added: 0x000001eacc5921c0
Event: 2985.162 Thread 0x000001eac68f0920 Thread exited: 0x000001eac68f0920
Event: 2985.377 Thread 0x000001eacc5921c0 Thread exited: 0x000001eacc5921c0
Event: 2985.385 Thread 0x000001eacc594a10 Thread exited: 0x000001eacc594a10
Event: 3067.476 Thread 0x000001eac1d2ef10 Thread added: 0x000001eacc594200
Event: 3068.865 Thread 0x000001eacc594200 Thread exited: 0x000001eacc594200
Event: 3080.588 Thread 0x000001eac68da920 Thread added: 0x000001eacbd75690
Event: 3110.588 Thread 0x000001eacbd75690 Thread exited: 0x000001eacbd75690
Event: 3110.905 Thread 0x000001eac68da920 Thread added: 0x000001eac68f0920
Event: 3140.906 Thread 0x000001eac68f0920 Thread exited: 0x000001eac68f0920
Event: 3141.659 Thread 0x000001eac68da920 Thread added: 0x000001eac68f18c0
Event: 3171.660 Thread 0x000001eac68f18c0 Thread exited: 0x000001eac68f18c0
Event: 3179.141 Thread 0x000001eac68da920 Thread added: 0x000001eac68f0920
Event: 3209.144 Thread 0x000001eac68f0920 Thread exited: 0x000001eac68f0920
Event: 3638.765 Thread 0x000001eac68da920 Thread added: 0x000001eacbd170f0
Event: 3639.007 Thread 0x000001eac1d2e1d0 Thread added: 0x000001eacc5992a0
Event: 3639.007 Thread 0x000001eac1d2e1d0 Thread added: 0x000001eacc599ab0
Event: 3639.120 Thread 0x000001eacc599ab0 Thread exited: 0x000001eacc599ab0
Event: 3639.437 Thread 0x000001eacc5992a0 Thread exited: 0x000001eacc5992a0


Dynamic libraries:
0x00007ff6aa840000 - 0x00007ff6aa84e000 	C:\Users\techf\Downloads\zulu25.30.17-ca-fx-jdk25.0.1-win_x64\bin\java.exe
0x00007ffaf48a0000 - 0x00007ffaf4b07000 	C:\WINDOWS\SYSTEM32\ntdll.dll
0x00007ffaf2e90000 - 0x00007ffaf2f59000 	C:\WINDOWS\System32\KERNEL32.DLL
0x00007ffaf1a80000 - 0x00007ffaf1e6f000 	C:\WINDOWS\System32\KERNELBASE.dll
0x00007ffaf1e80000 - 0x00007ffaf1fcb000 	C:\WINDOWS\System32\ucrtbase.dll
0x00007ffadb500000 - 0x00007ffadb516000 	C:\Users\techf\Downloads\zulu25.30.17-ca-fx-jdk25.0.1-win_x64\bin\jli.dll
0x00007ffadb270000 - 0x00007ffadb28e000 	C:\Users\techf\Downloads\zulu25.30.17-ca-fx-jdk25.0.1-win_x64\bin\VCRUNTIME140.dll
0x00007ffaf2f60000 - 0x00007ffaf3125000 	C:\WINDOWS\System32\USER32.dll
0x00007ffaf2550000 - 0x00007ffaf2577000 	C:\WINDOWS\System32\win32u.dll
0x00007ffad6b30000 - 0x00007ffad6dc3000 	C:\WINDOWS\WinSxS\amd64_microsoft.windows.common-controls_6595b64144ccf1df_6.0.26100.7309_none_3e05feeae336a044\COMCTL32.dll
0x00007ffaf2de0000 - 0x00007ffaf2e89000 	C:\WINDOWS\System32\msvcrt.dll
0x00007ffaf4820000 - 0x00007ffaf484b000 	C:\WINDOWS\System32\GDI32.dll
0x00007ffaf2420000 - 0x00007ffaf254c000 	C:\WINDOWS\System32\gdi32full.dll
0x00007ffaf2370000 - 0x00007ffaf2413000 	C:\WINDOWS\System32\msvcp_win.dll
0x00007ffaf27b0000 - 0x00007ffaf27e1000 	C:\WINDOWS\System32\IMM32.DLL
0x00007ffaee460000 - 0x00007ffaee46c000 	C:\Users\techf\Downloads\zulu25.30.17-ca-fx-jdk25.0.1-win_x64\bin\vcruntime140_1.dll
0x00007ffab83a0000 - 0x00007ffab842d000 	C:\Users\techf\Downloads\zulu25.30.17-ca-fx-jdk25.0.1-win_x64\bin\msvcp140.dll
0x00007ffa7a700000 - 0x00007ffa7b639000 	C:\Users\techf\Downloads\zulu25.30.17-ca-fx-jdk25.0.1-win_x64\bin\server\jvm.dll
0x00007ffaf29d0000 - 0x00007ffaf2a84000 	C:\WINDOWS\System32\ADVAPI32.dll
0x00007ffaf3c20000 - 0x00007ffaf3cc6000 	C:\WINDOWS\System32\sechost.dll
0x00007ffaf28b0000 - 0x00007ffaf29c8000 	C:\WINDOWS\System32\RPCRT4.dll
0x00007ffaf3ef0000 - 0x00007ffaf3f64000 	C:\WINDOWS\System32\WS2_32.dll
0x00007ffaf1850000 - 0x00007ffaf18ae000 	C:\WINDOWS\SYSTEM32\POWRPROF.dll
0x00007ffadf050000 - 0x00007ffadf085000 	C:\WINDOWS\SYSTEM32\WINMM.dll
0x00007ffaeb200000 - 0x00007ffaeb20b000 	C:\WINDOWS\SYSTEM32\VERSION.dll
0x00007ffaf1830000 - 0x00007ffaf1844000 	C:\WINDOWS\SYSTEM32\UMPDC.dll
0x00007ffaf0760000 - 0x00007ffaf077b000 	C:\WINDOWS\SYSTEM32\kernel.appcore.dll
0x00007ffae3f20000 - 0x00007ffae3f2a000 	C:\Users\techf\Downloads\zulu25.30.17-ca-fx-jdk25.0.1-win_x64\bin\jimage.dll
0x00007ffaef330000 - 0x00007ffaef572000 	C:\WINDOWS\SYSTEM32\DBGHELP.DLL
0x00007ffaf3890000 - 0x00007ffaf3c16000 	C:\WINDOWS\System32\combase.dll
0x00007ffaf3f70000 - 0x00007ffaf4046000 	C:\WINDOWS\System32\OLEAUT32.dll
0x00007ffaebe70000 - 0x00007ffaebeac000 	C:\WINDOWS\SYSTEM32\dbgcore.DLL
0x00007ffaf2140000 - 0x00007ffaf21e5000 	C:\WINDOWS\System32\bcryptPrimitives.dll
0x00007ffad8740000 - 0x00007ffad875e000 	C:\Users\techf\Downloads\zulu25.30.17-ca-fx-jdk25.0.1-win_x64\bin\java.dll
0x00007ffaf3cd0000 - 0x00007ffaf3e67000 	C:\WINDOWS\System32\ole32.dll
0x00007ffaf3130000 - 0x00007ffaf3883000 	C:\WINDOWS\System32\SHELL32.dll
0x00007ffaf1fd0000 - 0x00007ffaf213a000 	C:\WINDOWS\System32\wintypes.dll
0x00007ffaef5d0000 - 0x00007ffaefe2e000 	C:\WINDOWS\SYSTEM32\windows.storage.dll
0x00007ffaf2ca0000 - 0x00007ffaf2d95000 	C:\WINDOWS\System32\SHCORE.dll
0x00007ffaf4230000 - 0x00007ffaf4296000 	C:\WINDOWS\System32\shlwapi.dll
0x00007ffaf1910000 - 0x00007ffaf1939000 	C:\WINDOWS\SYSTEM32\profapi.dll
0x00007ffadca10000 - 0x00007ffadca20000 	C:\Users\techf\Downloads\zulu25.30.17-ca-fx-jdk25.0.1-win_x64\bin\net.dll
0x00007ffaf0cb0000 - 0x00007ffaf0d1b000 	C:\WINDOWS\system32\mswsock.dll
0x00007ffad7fa0000 - 0x00007ffad7fb6000 	C:\Users\techf\Downloads\zulu25.30.17-ca-fx-jdk25.0.1-win_x64\bin\nio.dll
0x00007ffad4a50000 - 0x00007ffad4a67000 	C:\Users\techf\Downloads\zulu25.30.17-ca-fx-jdk25.0.1-win_x64\bin\zip.dll
0x000001ea9f580000 - 0x000001ea9f584000 	C:\Users\techf\Downloads\zulu25.30.17-ca-fx-jdk25.0.1-win_x64\bin\javafx\api-ms-win-core-console-l1-1-0.dll
0x000001eaa1280000 - 0x000001eaa1284000 	C:\Users\techf\Downloads\zulu25.30.17-ca-fx-jdk25.0.1-win_x64\bin\javafx\api-ms-win-core-console-l1-2-0.dll
0x000001eaa1290000 - 0x000001eaa1294000 	C:\Users\techf\Downloads\zulu25.30.17-ca-fx-jdk25.0.1-win_x64\bin\javafx\api-ms-win-core-datetime-l1-1-0.dll
0x000001eaa12a0000 - 0x000001eaa12a4000 	C:\Users\techf\Downloads\zulu25.30.17-ca-fx-jdk25.0.1-win_x64\bin\javafx\api-ms-win-core-debug-l1-1-0.dll
0x000001eaa12b0000 - 0x000001eaa12b4000 	C:\Users\techf\Downloads\zulu25.30.17-ca-fx-jdk25.0.1-win_x64\bin\javafx\api-ms-win-core-errorhandling-l1-1-0.dll
0x000001eac1f10000 - 0x000001eac1f15000 	C:\Users\techf\Downloads\zulu25.30.17-ca-fx-jdk25.0.1-win_x64\bin\javafx\api-ms-win-core-file-l1-1-0.dll
0x000001eac1f20000 - 0x000001eac1f24000 	C:\Users\techf\Downloads\zulu25.30.17-ca-fx-jdk25.0.1-win_x64\bin\javafx\api-ms-win-core-file-l1-2-0.dll
0x000001eac1f30000 - 0x000001eac1f34000 	C:\Users\techf\Downloads\zulu25.30.17-ca-fx-jdk25.0.1-win_x64\bin\javafx\api-ms-win-core-file-l2-1-0.dll
0x000001eac1f40000 - 0x000001eac1f44000 	C:\Users\techf\Downloads\zulu25.30.17-ca-fx-jdk25.0.1-win_x64\bin\javafx\api-ms-win-core-handle-l1-1-0.dll
0x000001eac1f50000 - 0x000001eac1f54000 	C:\Users\techf\Downloads\zulu25.30.17-ca-fx-jdk25.0.1-win_x64\bin\javafx\api-ms-win-core-heap-l1-1-0.dll
0x000001eac1f60000 - 0x000001eac1f64000 	C:\Users\techf\Downloads\zulu25.30.17-ca-fx-jdk25.0.1-win_x64\bin\javafx\api-ms-win-core-interlocked-l1-1-0.dll
0x000001eac1f70000 - 0x000001eac1f74000 	C:\Users\techf\Downloads\zulu25.30.17-ca-fx-jdk25.0.1-win_x64\bin\javafx\api-ms-win-core-libraryloader-l1-1-0.dll
0x000001eac1f80000 - 0x000001eac1f84000 	C:\Users\techf\Downloads\zulu25.30.17-ca-fx-jdk25.0.1-win_x64\bin\javafx\api-ms-win-core-localization-l1-2-0.dll
0x000001eac1f90000 - 0x000001eac1f94000 	C:\Users\techf\Downloads\zulu25.30.17-ca-fx-jdk25.0.1-win_x64\bin\javafx\api-ms-win-core-memory-l1-1-0.dll
0x000001eac1fa0000 - 0x000001eac1fa4000 	C:\Users\techf\Downloads\zulu25.30.17-ca-fx-jdk25.0.1-win_x64\bin\javafx\api-ms-win-core-namedpipe-l1-1-0.dll
0x000001eac1fb0000 - 0x000001eac1fb4000 	C:\Users\techf\Downloads\zulu25.30.17-ca-fx-jdk25.0.1-win_x64\bin\javafx\api-ms-win-core-processenvironment-l1-1-0.dll
0x000001eac1fc0000 - 0x000001eac1fc4000 	C:\Users\techf\Downloads\zulu25.30.17-ca-fx-jdk25.0.1-win_x64\bin\javafx\api-ms-win-core-processthreads-l1-1-0.dll
0x000001eac1fd0000 - 0x000001eac1fd4000 	C:\Users\techf\Downloads\zulu25.30.17-ca-fx-jdk25.0.1-win_x64\bin\javafx\api-ms-win-core-processthreads-l1-1-1.dll
0x000001eac1fe0000 - 0x000001eac1fe4000 	C:\Users\techf\Downloads\zulu25.30.17-ca-fx-jdk25.0.1-win_x64\bin\javafx\api-ms-win-core-profile-l1-1-0.dll
0x000001eac1ff0000 - 0x000001eac1ff4000 	C:\Users\techf\Downloads\zulu25.30.17-ca-fx-jdk25.0.1-win_x64\bin\javafx\api-ms-win-core-rtlsupport-l1-1-0.dll
0x000001eac6c00000 - 0x000001eac6c04000 	C:\Users\techf\Downloads\zulu25.30.17-ca-fx-jdk25.0.1-win_x64\bin\javafx\api-ms-win-core-string-l1-1-0.dll
0x000001eac6c10000 - 0x000001eac6c14000 	C:\Users\techf\Downloads\zulu25.30.17-ca-fx-jdk25.0.1-win_x64\bin\javafx\api-ms-win-core-synch-l1-1-0.dll
0x000001eac6c20000 - 0x000001eac6c24000 	C:\Users\techf\Downloads\zulu25.30.17-ca-fx-jdk25.0.1-win_x64\bin\javafx\api-ms-win-core-synch-l1-2-0.dll
0x000001eac6c30000 - 0x000001eac6c34000 	C:\Users\techf\Downloads\zulu25.30.17-ca-fx-jdk25.0.1-win_x64\bin\javafx\api-ms-win-core-sysinfo-l1-1-0.dll
0x000001eac6c40000 - 0x000001eac6c44000 	C:\Users\techf\Downloads\zulu25.30.17-ca-fx-jdk25.0.1-win_x64\bin\javafx\api-ms-win-core-timezone-l1-1-0.dll
0x000001eac6c50000 - 0x000001eac6c54000 	C:\Users\techf\Downloads\zulu25.30.17-ca-fx-jdk25.0.1-win_x64\bin\javafx\api-ms-win-core-util-l1-1-0.dll
0x000001eac6c60000 - 0x000001eac6c64000 	C:\Users\techf\Downloads\zulu25.30.17-ca-fx-jdk25.0.1-win_x64\bin\javafx\api-ms-win-crt-conio-l1-1-0.dll
0x000001eac6c70000 - 0x000001eac6c75000 	C:\Users\techf\Downloads\zulu25.30.17-ca-fx-jdk25.0.1-win_x64\bin\javafx\api-ms-win-crt-convert-l1-1-0.dll
0x000001eac6c80000 - 0x000001eac6c84000 	C:\Users\techf\Downloads\zulu25.30.17-ca-fx-jdk25.0.1-win_x64\bin\javafx\api-ms-win-crt-environment-l1-1-0.dll
0x000001eac6c90000 - 0x000001eac6c94000 	C:\Users\techf\Downloads\zulu25.30.17-ca-fx-jdk25.0.1-win_x64\bin\javafx\api-ms-win-crt-filesystem-l1-1-0.dll
0x000001eac6ca0000 - 0x000001eac6ca4000 	C:\Users\techf\Downloads\zulu25.30.17-ca-fx-jdk25.0.1-win_x64\bin\javafx\api-ms-win-crt-heap-l1-1-0.dll
0x000001eac6cb0000 - 0x000001eac6cb4000 	C:\Users\techf\Downloads\zulu25.30.17-ca-fx-jdk25.0.1-win_x64\bin\javafx\api-ms-win-crt-locale-l1-1-0.dll
0x000001eac6cc0000 - 0x000001eac6cc6000 	C:\Users\techf\Downloads\zulu25.30.17-ca-fx-jdk25.0.1-win_x64\bin\javafx\api-ms-win-crt-math-l1-1-0.dll
0x000001eac6cd0000 - 0x000001eac6cd6000 	C:\Users\techf\Downloads\zulu25.30.17-ca-fx-jdk25.0.1-win_x64\bin\javafx\api-ms-win-crt-multibyte-l1-1-0.dll
0x000001eac6ce0000 - 0x000001eac6cf1000 	C:\Users\techf\Downloads\zulu25.30.17-ca-fx-jdk25.0.1-win_x64\bin\javafx\api-ms-win-crt-private-l1-1-0.dll
0x000001eac6d00000 - 0x000001eac6d04000 	C:\Users\techf\Downloads\zulu25.30.17-ca-fx-jdk25.0.1-win_x64\bin\javafx\api-ms-win-crt-process-l1-1-0.dll
0x000001eac6d10000 - 0x000001eac6d15000 	C:\Users\techf\Downloads\zulu25.30.17-ca-fx-jdk25.0.1-win_x64\bin\javafx\api-ms-win-crt-runtime-l1-1-0.dll
0x000001eac6d20000 - 0x000001eac6d25000 	C:\Users\techf\Downloads\zulu25.30.17-ca-fx-jdk25.0.1-win_x64\bin\javafx\api-ms-win-crt-stdio-l1-1-0.dll
0x000001eac6d30000 - 0x000001eac6d35000 	C:\Users\techf\Downloads\zulu25.30.17-ca-fx-jdk25.0.1-win_x64\bin\javafx\api-ms-win-crt-string-l1-1-0.dll
0x000001eac6d40000 - 0x000001eac6d44000 	C:\Users\techf\Downloads\zulu25.30.17-ca-fx-jdk25.0.1-win_x64\bin\javafx\api-ms-win-crt-time-l1-1-0.dll
0x000001eac6d50000 - 0x000001eac6d54000 	C:\Users\techf\Downloads\zulu25.30.17-ca-fx-jdk25.0.1-win_x64\bin\javafx\api-ms-win-crt-utility-l1-1-0.dll
0x00007ffaa6630000 - 0x00007ffaa6740000 	C:\Users\techf\Downloads\zulu25.30.17-ca-fx-jdk25.0.1-win_x64\bin\javafx\ucrtbase.dll
0x00007ffad4460000 - 0x00007ffad447b000 	C:\Users\techf\Downloads\zulu25.30.17-ca-fx-jdk25.0.1-win_x64\bin\javafx\vcruntime140.dll
0x00007ffadb940000 - 0x00007ffadb94c000 	C:\Users\techf\Downloads\zulu25.30.17-ca-fx-jdk25.0.1-win_x64\bin\javafx\vcruntime140_1.dll
0x00007ffab8310000 - 0x00007ffab839e000 	C:\Users\techf\Downloads\zulu25.30.17-ca-fx-jdk25.0.1-win_x64\bin\javafx\msvcp140.dll
0x00007ffadb5e0000 - 0x00007ffadb5e9000 	C:\Users\techf\Downloads\zulu25.30.17-ca-fx-jdk25.0.1-win_x64\bin\javafx\msvcp140_1.dll
0x00007ffac5a40000 - 0x00007ffac5a81000 	C:\Users\techf\Downloads\zulu25.30.17-ca-fx-jdk25.0.1-win_x64\bin\javafx\msvcp140_2.dll
0x00007ffac6d90000 - 0x00007ffac6dc0000 	C:\Users\techf\Downloads\zulu25.30.17-ca-fx-jdk25.0.1-win_x64\bin\javafx\prism_d3d.dll
0x00007ffac85d0000 - 0x00007ffac8783000 	C:\WINDOWS\system32\d3d9.dll
0x00007ffaeebb0000 - 0x00007ffaeebe0000 	C:\WINDOWS\SYSTEM32\dwmapi.dll
0x00007ffaeea00000 - 0x00007ffaeea44000 	C:\WINDOWS\SYSTEM32\dxcore.dll
0x00007ffaee8e0000 - 0x00007ffaee98b000 	C:\WINDOWS\system32\uxtheme.dll
0x00007ffa955e0000 - 0x00007ffa9578d000 	C:\WINDOWS\System32\DriverStore\FileRepository\iigd_dch.inf_amd64_ee473bb1b3cf1637\igdumdim64.dll
0x00007ffa90410000 - 0x00007ffa934b4000 	C:\WINDOWS\System32\DriverStore\FileRepository\iigd_dch.inf_amd64_ee473bb1b3cf1637\igd9dxva64.dll
0x00007ffaf4330000 - 0x00007ffaf47ba000 	C:\WINDOWS\System32\SETUPAPI.dll
0x00007ffaf1580000 - 0x00007ffaf15d7000 	C:\WINDOWS\SYSTEM32\cfgmgr32.dll
0x00007ffae9350000 - 0x00007ffae9759000 	C:\WINDOWS\System32\DriverStore\FileRepository\iigd_dch.inf_amd64_ee473bb1b3cf1637\igdgmm64.dll
0x00007ffaeb490000 - 0x00007ffaeb4f3000 	C:\WINDOWS\SYSTEM32\directxdatabasehelper.dll
0x00007ffabe180000 - 0x00007ffabe1c8000 	C:\Users\techf\Downloads\zulu25.30.17-ca-fx-jdk25.0.1-win_x64\bin\javafx\glass.dll
0x00007ffaf2b20000 - 0x00007ffaf2c10000 	C:\WINDOWS\System32\COMDLG32.dll
0x00007ffaf27f0000 - 0x00007ffaf28a0000 	C:\WINDOWS\System32\clbcatq.dll
0x00007ffadf1f0000 - 0x00007ffadf342000 	C:\Windows\System32\Windows.UI.dll
0x00007ffac5e40000 - 0x00007ffac5efb000 	C:\Windows\System32\Windows.Networking.Connectivity.dll
0x00007ffae3300000 - 0x00007ffae3544000 	C:\Windows\System32\twinapi.appcore.dll
0x00007ffaf2640000 - 0x00007ffaf279e000 	C:\WINDOWS\System32\MSCTF.dll
0x00007ffad31b0000 - 0x00007ffad31d7000 	C:\WINDOWS\System32\DriverStore\FileRepository\iigd_dch.inf_amd64_ee473bb1b3cf1637\igdinfo64.dll
0x00007ffae59e0000 - 0x00007ffae9176000 	C:\WINDOWS\System32\DriverStore\FileRepository\iigd_dch.inf_amd64_ee473bb1b3cf1637\igc64.dll
0x00007ffad67a0000 - 0x00007ffad68f0000 	C:\Windows\System32\Windows.UI.Immersive.dll
0x00007ffae5060000 - 0x00007ffae5079000 	C:\WINDOWS\System32\npmproxy.dll
0x00007ffae9230000 - 0x00007ffae92bd000 	C:\WINDOWS\SYSTEM32\wlanapi.dll
0x00007ffae9200000 - 0x00007ffae9222000 	C:\WINDOWS\SYSTEM32\MobileNetworking.dll
0x00007ffaf0150000 - 0x00007ffaf0184000 	C:\Windows\System32\IPHLPAPI.DLL
0x00007ffaf4320000 - 0x00007ffaf432a000 	C:\WINDOWS\System32\NSI.dll
0x00007ffac43c0000 - 0x00007ffac43d3000 	C:\Windows\System32\dusmapi.dll
0x00007ffacdf50000 - 0x00007ffacdf65000 	C:\Users\techf\Downloads\zulu25.30.17-ca-fx-jdk25.0.1-win_x64\bin\javafx\javafx_font.dll
0x00007ffaecfc0000 - 0x00007ffaed227000 	C:\WINDOWS\SYSTEM32\dwrite.dll
0x00007ffaecd80000 - 0x00007ffaecfb0000 	C:\WINDOWS\SYSTEM32\WindowsCodecs.dll
0x00007ffaeb310000 - 0x00007ffaeb36a000 	C:\WINDOWS\system32\dataexchange.dll
0x00007ffac5f00000 - 0x00007ffac5f2c000 	C:\Program Files\Common Files\Microsoft Shared\Ink\rtscom.dll
0x00007ffae4b30000 - 0x00007ffae4c78000 	C:\WINDOWS\SYSTEM32\textinputframework.dll
0x00007ffaee150000 - 0x00007ffaee277000 	C:\WINDOWS\SYSTEM32\CoreMessaging.dll
0x00007ffaea7d0000 - 0x00007ffaeaab2000 	C:\WINDOWS\SYSTEM32\CoreUIComponents.dll
0x00007ffaf0f00000 - 0x00007ffaf0f0c000 	C:\WINDOWS\SYSTEM32\CRYPTBASE.DLL

JVMTI agents: none

dbghelp: loaded successfully - version: 4.0.5 - missing functions: none
symbol engine: initialized successfully - sym options: 0x614 - pdb path: .;C:\Users\techf\Downloads\zulu25.30.17-ca-fx-jdk25.0.1-win_x64\bin;C:\WINDOWS\SYSTEM32;C:\WINDOWS\WinSxS\amd64_microsoft.windows.common-controls_6595b64144ccf1df_6.0.26100.7309_none_3e05feeae336a044;C:\Users\techf\Downloads\zulu25.30.17-ca-fx-jdk25.0.1-win_x64\bin\server;C:\Users\techf\Downloads\zulu25.30.17-ca-fx-jdk25.0.1-win_x64\bin\javafx;C:\WINDOWS\System32\DriverStore\FileRepository\iigd_dch.inf_amd64_ee473bb1b3cf1637;C:\Program Files\Common Files\Microsoft Shared\Ink;C:\WINDOWS\WinSxS\amd64_microsoft.windows.gdiplus_6595b64144ccf1df_1.1.26100.7309_none_6ef0f1d03dc91a12;C:\Users\techf\AppData\Local\Microsoft\OneDrive\25.238.1204.0001

VM Arguments:
jvm_args: -Dfile.encoding=UTF-8 
java_command: personalexpensetracker.PersonalExpenseTracker
java_class_path (initial): C:\Users\techf\Downloads\postgresql-42.7.8.jar;C:\Users\techf\Downloads\bcrypt-0.10.2-javadoc.jar;C:\Users\techf\Documents\NetBeansProjects\PersonalExpenseTracker\build\classes
Launcher Type: SUN_STANDARD

[Global flags]
     intx CICompilerCount                          = 4                                         {product} {ergonomic}
     uint ConcGCThreads                            = 2                                         {product} {ergonomic}
     uint G1ConcRefinementThreads                  = 8                                         {product} {ergonomic}
   size_t G1HeapRegionSize                         = 2097152                                   {product} {ergonomic}
   size_t InitialHeapSize                          = 266338304                                 {product} {ergonomic}
   size_t MarkStackSize                            = 4194304                                   {product} {ergonomic}
   size_t MarkStackSizeMax                         = 536870912                                 {product} {ergonomic}
   size_t MaxHeapSize                              = 4246732800                                {product} {ergonomic}
   size_t MaxNewSize                               = 2548039680                                {product} {ergonomic}
   size_t MinHeapDeltaBytes                        = 2097152                                   {product} {ergonomic}
   size_t MinHeapSize                              = 8388608                                   {product} {ergonomic}
    uintx NonNMethodCodeHeapSize                   = 5832704                                {pd product} {ergonomic}
    uintx NonProfiledCodeHeapSize                  = 122945536                              {pd product} {ergonomic}
    uintx ProfiledCodeHeapSize                     = 122880000                              {pd product} {ergonomic}
    uintx ReservedCodeCacheSize                    = 251658240                              {pd product} {ergonomic}
     bool SegmentedCodeCache                       = true                                      {product} {ergonomic}
   size_t SoftMaxHeapSize                          = 4246732800                             {manageable} {ergonomic}
     bool UseCompressedOops                        = true                           {product lp64_product} {ergonomic}
     bool UseG1GC                                  = true                                      {product} {ergonomic}
     bool UseLargePagesIndividualAllocation        = false                                  {pd product} {ergonomic}

Logging:
Log output configuration:
 #0: stdout all=warning uptime,level,tags foldmultilines=false
 #1: stderr all=off uptime,level,tags foldmultilines=false

Release file:
IMPLEMENTOR="Azul Systems, Inc." 
IMPLEMENTOR_VERSION="Zulu25.30+17-CA" 
JAVA_RUNTIME_VERSION="25.0.1+8-LTS" 
JAVA_VERSION="25.0.1" 
JAVA_VERSION_DATE="2025-10-21" 
LIBC="default" 
MODULES="java.base com.azul.tooling java.logging java.management java.security.sasl java.naming jdk.jfr com.azul.crs.client java.compiler java.datatransfer java.xml java.prefs java.desktop java.instrument java.rmi java.management.rmi java.net.http java.scripting java.security.jgss java.transaction.xa java.sql java.sql.rowset java.xml.crypto java.se java.smartcardio javafx.base jdk.unsupported javafx.graphics javafx.controls javafx.fxml javafx.media jdk.unsupported.desktop javafx.swing jdk.jsobject jdk.xml.dom javafx.web jdk.accessibility jdk.internal.jvmstat jdk.attach jdk.charsets jdk.internal.opt jdk.zipfs jdk.compiler jdk.crypto.cryptoki jdk.crypto.ec jdk.crypto.mscapi jdk.dynalink jdk.internal.ed jdk.editpad jdk.internal.vm.ci jdk.graal.compiler jdk.graal.compiler.management jdk.hotspot.agent jdk.httpserver jdk.incubator.vector jdk.internal.le jdk.internal.md jdk.jartool jdk.javadoc jdk.jcmd jdk.management jdk.management.agent jdk.jconsole jdk.jdeps jdk.jdwp.agent jdk.jdi jdk.jlink jdk.jpackage jdk.jshell jdk.jstatd jdk.localedata jdk.management.jfr jdk.naming.dns jdk.naming.rmi jdk.net jdk.nio.mapmode jdk.sctp jdk.security.auth jdk.security.jgss jfx.incubator.input jfx.incubator.richtext" 
OS_ARCH="x86_64" 
OS_NAME="Windows" 
SOURCE=".:git:90b923e6d1bf" 

Environment Variables:
PATH=C:\Program Files\Common Files\Oracle\Java\javapath;C:\WINDOWS\system32;C:\WINDOWS;C:\WINDOWS\System32\Wbem;C:\WINDOWS\System32\WindowsPowerShell\v1.0\;C:\WINDOWS\System32\OpenSSH\;C:\xampp\php;C:\composer;C:\Users\techf\AppData\Local\Programs\Python\Launcher\;C:\Users\techf\AppData\Local\Microsoft\WindowsApps;C:\Users\techf\AppData\Local\Programs\Microsoft VS Code\bin;C:\Users\techf\AppData\Roaming\Composer\vendor\bin;C:\Users\techf\AppData\Local\Programs\Git\cmd
USERNAME=techf
OS=Windows_NT
PROCESSOR_IDENTIFIER=Intel64 Family 6 Model 142 Stepping 12, GenuineIntel
TMP=C:\Users\techf\AppData\Local\Temp
TEMP=C:\Users\techf\AppData\Local\Temp




Compilation memory statistics disabled.

Periodic native trim disabled

---------------  S Y S T E M  ---------------

OS:
 Windows 11 , 64 bit Build 26100 (10.0.26100.7623)
OS uptime: 3 days 4:30 hours
Hyper-V role detected

CPU: total 8 (initial active 8) (4 cores per cpu, 2 threads per core) family 6 model 142 stepping 12 microcode 0x100, cx8, cmov, fxsr, ht, mmx, 3dnowpref, sse, sse2, sse3, ssse3, sse4.1, sse4.2, popcnt, lzcnt, tsc, tscinvbit, avx, avx2, aes, erms, clmul, bmi1, bmi2, adx, fma, vzeroupper, clflush, clflushopt, hv, rdtscp, f16c
Processor Information for the first 8 processors :
  Max Mhz: 1896, Current Mhz: 1496, Mhz Limit: 1592

Memory: 4k page, system-wide physical 16198M (1926M free)
TotalPageFile size 16198M (AvailPageFile size 2M)
current process WorkingSet (physical memory assigned to process): 298M, peak: 302M
current process commit charge ("private bytes"): 312M, peak: 455M

vm_info: OpenJDK 64-Bit Server VM (25.0.1+8-LTS) for windows-amd64 JRE (25.0.1+8-LTS) (Zulu25.30+17-CA), built on 2025-10-14T10:26:49Z with MS VC++ 17.1 (VS2022)

END.
